<?xml version="1.0" encoding="UTF-8"?>
<testsuite name="com.assessment.featureflags.FeatureFlagsApplicationTests" tests="1" skipped="0" failures="0" errors="0" timestamp="2022-01-17T12:25:20" hostname="C02G21CCMD6P" time="0.225">
  <properties/>
  <testcase name="contextLoads()" classname="com.assessment.featureflags.FeatureFlagsApplicationTests" time="0.225"/>
  <system-out><![CDATA[12:25:17.611 [Test worker] DEBUG org.springframework.test.context.BootstrapUtils - Instantiating CacheAwareContextLoaderDelegate from class [org.springframework.test.context.cache.DefaultCacheAwareContextLoaderDelegate]
12:25:17.628 [Test worker] DEBUG org.springframework.test.context.BootstrapUtils - Instantiating BootstrapContext using constructor [public org.springframework.test.context.support.DefaultBootstrapContext(java.lang.Class,org.springframework.test.context.CacheAwareContextLoaderDelegate)]
12:25:17.694 [Test worker] DEBUG org.springframework.test.context.BootstrapUtils - Instantiating TestContextBootstrapper for test class [com.assessment.featureflags.FeatureFlagsApplicationTests] from class [org.springframework.boot.test.context.SpringBootTestContextBootstrapper]
12:25:17.711 [Test worker] INFO org.springframework.boot.test.context.SpringBootTestContextBootstrapper - Neither @ContextConfiguration nor @ContextHierarchy found for test class [com.assessment.featureflags.FeatureFlagsApplicationTests], using SpringBootContextLoader
12:25:17.718 [Test worker] DEBUG org.springframework.test.context.support.AbstractContextLoader - Did not detect default resource location for test class [com.assessment.featureflags.FeatureFlagsApplicationTests]: class path resource [com/assessment/featureflags/FeatureFlagsApplicationTests-context.xml] does not exist
12:25:17.718 [Test worker] DEBUG org.springframework.test.context.support.AbstractContextLoader - Did not detect default resource location for test class [com.assessment.featureflags.FeatureFlagsApplicationTests]: class path resource [com/assessment/featureflags/FeatureFlagsApplicationTestsContext.groovy] does not exist
12:25:17.719 [Test worker] INFO org.springframework.test.context.support.AbstractContextLoader - Could not detect default resource locations for test class [com.assessment.featureflags.FeatureFlagsApplicationTests]: no resource found for suffixes {-context.xml, Context.groovy}.
12:25:17.720 [Test worker] INFO org.springframework.test.context.support.AnnotationConfigContextLoaderUtils - Could not detect default configuration classes for test class [com.assessment.featureflags.FeatureFlagsApplicationTests]: FeatureFlagsApplicationTests does not declare any static, non-private, non-final, nested classes annotated with @Configuration.
12:25:17.771 [Test worker] DEBUG org.springframework.test.context.support.ActiveProfilesUtils - Could not find an 'annotation declaring class' for annotation type [org.springframework.test.context.ActiveProfiles] and class [com.assessment.featureflags.FeatureFlagsApplicationTests]
12:25:17.856 [Test worker] DEBUG org.springframework.context.annotation.ClassPathScanningCandidateComponentProvider - Identified candidate component class: file [/Users/jfrx/Desktop/feature-flags/build/classes/java/main/com/assessment/featureflags/FeatureFlagsApplication.class]
12:25:17.857 [Test worker] INFO org.springframework.boot.test.context.SpringBootTestContextBootstrapper - Found @SpringBootConfiguration com.assessment.featureflags.FeatureFlagsApplication for test class com.assessment.featureflags.FeatureFlagsApplicationTests
12:25:17.989 [Test worker] DEBUG org.springframework.boot.test.context.SpringBootTestContextBootstrapper - @TestExecutionListeners is not present for class [com.assessment.featureflags.FeatureFlagsApplicationTests]: using defaults.
12:25:17.990 [Test worker] INFO org.springframework.boot.test.context.SpringBootTestContextBootstrapper - Loaded default TestExecutionListener class names from location [META-INF/spring.factories]: [org.springframework.boot.test.autoconfigure.restdocs.RestDocsTestExecutionListener, org.springframework.boot.test.autoconfigure.web.client.MockRestServiceServerResetTestExecutionListener, org.springframework.boot.test.autoconfigure.web.servlet.MockMvcPrintOnlyOnFailureTestExecutionListener, org.springframework.boot.test.autoconfigure.web.servlet.WebDriverTestExecutionListener, org.springframework.boot.test.autoconfigure.webservices.client.MockWebServiceServerTestExecutionListener, org.springframework.boot.test.mock.mockito.MockitoTestExecutionListener, org.springframework.boot.test.mock.mockito.ResetMocksTestExecutionListener, org.springframework.test.context.web.ServletTestExecutionListener, org.springframework.test.context.support.DirtiesContextBeforeModesTestExecutionListener, org.springframework.test.context.event.ApplicationEventsTestExecutionListener, org.springframework.test.context.support.DependencyInjectionTestExecutionListener, org.springframework.test.context.support.DirtiesContextTestExecutionListener, org.springframework.test.context.transaction.TransactionalTestExecutionListener, org.springframework.test.context.jdbc.SqlScriptsTestExecutionListener, org.springframework.test.context.event.EventPublishingTestExecutionListener]
12:25:18.007 [Test worker] DEBUG org.springframework.boot.test.context.SpringBootTestContextBootstrapper - Skipping candidate TestExecutionListener [org.springframework.test.context.transaction.TransactionalTestExecutionListener] due to a missing dependency. Specify custom listener classes or make the default listener classes and their required dependencies available. Offending class: [org/springframework/transaction/TransactionDefinition]
12:25:18.008 [Test worker] DEBUG org.springframework.boot.test.context.SpringBootTestContextBootstrapper - Skipping candidate TestExecutionListener [org.springframework.test.context.jdbc.SqlScriptsTestExecutionListener] due to a missing dependency. Specify custom listener classes or make the default listener classes and their required dependencies available. Offending class: [org/springframework/transaction/interceptor/TransactionAttribute]
12:25:18.008 [Test worker] INFO org.springframework.boot.test.context.SpringBootTestContextBootstrapper - Using TestExecutionListeners: [org.springframework.test.context.web.ServletTestExecutionListener@74eb909f, org.springframework.test.context.support.DirtiesContextBeforeModesTestExecutionListener@28ec166e, org.springframework.test.context.event.ApplicationEventsTestExecutionListener@2eee3069, org.springframework.boot.test.mock.mockito.MockitoTestExecutionListener@2da59753, org.springframework.boot.test.autoconfigure.SpringBootDependencyInjectionTestExecutionListener@5629510, org.springframework.test.context.support.DirtiesContextTestExecutionListener@4df5bcb4, org.springframework.test.context.event.EventPublishingTestExecutionListener@12c7a01b, org.springframework.boot.test.autoconfigure.restdocs.RestDocsTestExecutionListener@13d9b21f, org.springframework.boot.test.autoconfigure.web.client.MockRestServiceServerResetTestExecutionListener@2826f61, org.springframework.boot.test.autoconfigure.web.servlet.MockMvcPrintOnlyOnFailureTestExecutionListener@62727399, org.springframework.boot.test.autoconfigure.web.servlet.WebDriverTestExecutionListener@4d9ac0b4, org.springframework.boot.test.autoconfigure.webservices.client.MockWebServiceServerTestExecutionListener@130dca52, org.springframework.boot.test.mock.mockito.ResetMocksTestExecutionListener@2654635]
12:25:18.013 [Test worker] DEBUG org.springframework.test.context.support.AbstractDirtiesContextTestExecutionListener - Before test class: context [DefaultTestContext@79d94571 testClass = FeatureFlagsApplicationTests, testInstance = [null], testMethod = [null], testException = [null], mergedContextConfiguration = [WebMergedContextConfiguration@4dd02341 testClass = FeatureFlagsApplicationTests, locations = '{}', classes = '{class com.assessment.featureflags.FeatureFlagsApplication}', contextInitializerClasses = '[]', activeProfiles = '{}', propertySourceLocations = '{}', propertySourceProperties = '{org.springframework.boot.test.context.SpringBootTestContextBootstrapper=true}', contextCustomizers = set[org.springframework.boot.test.autoconfigure.actuate.metrics.MetricsExportContextCustomizerFactory$DisableMetricExportContextCustomizer@36804139, org.springframework.boot.test.autoconfigure.properties.PropertyMappingContextCustomizer@0, org.springframework.boot.test.autoconfigure.web.servlet.WebDriverContextCustomizerFactory$Customizer@28194a50, org.springframework.boot.test.context.filter.ExcludeFilterContextCustomizer@5038d0b5, org.springframework.boot.test.json.DuplicateJsonObjectContextCustomizerFactory$DuplicateJsonObjectContextCustomizer@6bb4dd34, org.springframework.boot.test.mock.mockito.MockitoContextCustomizer@0, org.springframework.boot.test.web.client.TestRestTemplateContextCustomizer@9cb8225, org.springframework.boot.test.context.SpringBootTestArgs@1, org.springframework.boot.test.context.SpringBootTestWebEnvironment@36c88a32], resourceBasePath = 'src/main/webapp', contextLoader = 'org.springframework.boot.test.context.SpringBootContextLoader', parent = [null]], attributes = map['org.springframework.test.context.web.ServletTestExecutionListener.activateListener' -> true]], class annotated with @DirtiesContext [false] with mode [null].
12:25:18.064 [Test worker] DEBUG org.springframework.boot.ApplicationServletEnvironment - Activating profiles []
12:25:18.065 [Test worker] DEBUG org.springframework.test.context.support.TestPropertySourceUtils - Adding inlined properties to environment: {spring.jmx.enabled=false, org.springframework.boot.test.context.SpringBootTestContextBootstrapper=true}

  .   ____          _            __ _ _
 /\\ / ___'_ __ _ _(_)_ __  __ _ \ \ \ \
( ( )\___ | '_ | '_| | '_ \/ _` | \ \ \ \
 \\/  ___)| |_)| | | | | || (_| |  ) ) ) )
  '  |____| .__|_| |_|_| |_\__, | / / / /
 =========|_|==============|___/=/_/_/_/
 :: Spring Boot ::                (v2.6.2)

2022-01-17 12:25:18.431  INFO 15512 --- [    Test worker] c.a.f.FeatureFlagsApplicationTests       : Starting FeatureFlagsApplicationTests using Java 1.8.0_312 on C02G21CCMD6P with PID 15512 (started by jfrx in /Users/jfrx/Desktop/feature-flags)
2022-01-17 12:25:18.433  INFO 15512 --- [    Test worker] c.a.f.FeatureFlagsApplicationTests       : No active profile set, falling back to default profiles: default
2022-01-17 12:25:19.982  INFO 15512 --- [    Test worker] c.a.f.FeatureFlagsApplicationTests       : Started FeatureFlagsApplicationTests in 1.916 seconds (JVM running for 3.609)
]]></system-out>
  <system-err><![CDATA[[2022.01.17 12:25:18] (Coverage): Error during class instrumentation: org.springframework.boot.logging.log4j2.Log4J2LoggingSystem: java.lang.RuntimeException: java.io.IOException: Class org/apache/logging/log4j/core/config/composite/CompositeConfiguration not found
]]></system-err>
</testsuite>
